<?xml version="1.0" encoding="UTF-8"?>
<testsuite xmlns:xsi="http://www.w3.org/2001/XMLSchema-instance" xsi:noNamespaceSchemaLocation="https://maven.apache.org/surefire/maven-surefire-plugin/xsd/surefire-test-report-3.0.xsd" version="3.0" name="com.smarthomes.test.TestSemanticSearch" time="2.705" tests="2" errors="0" skipped="0" failures="0">
  <properties>
[...]
</properties>
  <testcase name="testReviewSearch" classname="com.smarthomes.test.TestSemanticSearch" time="0.92">
    <system-err><![CDATA[Nov 21, 2024 12:35:38 PM com.smarthomes.util.OpenAIUtil setApiKey
INFO: OpenAI API key validated successfully
SLF4J: No SLF4J providers were found.
SLF4J: Defaulting to no-operation (NOP) logger implementation
SLF4J: See http://www.slf4j.org/codes.html#noProviders for further details.
Nov 21, 2024 12:35:39 PM com.smarthomes.util.DatabaseConfig <clinit>
INFO: Database connection pool initialized successfully
Nov 21, 2024 12:35:39 PM com.smarthomes.util.DatabaseConfig getConnection
INFO: Database connection obtained successfully
Nov 21, 2024 12:35:39 PM com.smarthomes.util.DatabaseConnection getConnection
INFO: Database connection obtained successfully
Nov 21, 2024 12:35:39 PM com.smarthomes.test.TestSemanticSearch testReviewSearch
INFO: Found review: Not satisfied with the ThermoSmart Elite. Had issues with connectivity issues. Had issues with app bugs. Needs improvement.
Nov 21, 2024 12:35:39 PM com.smarthomes.util.DatabaseConfig getConnection
INFO: Database connection obtained successfully
Nov 21, 2024 12:35:39 PM com.smarthomes.util.DatabaseConnection getConnection
INFO: Database connection obtained successfully
Nov 21, 2024 12:35:39 PM com.smarthomes.test.TestSemanticSearch testReviewSearch
INFO: Found review: I'm very impressed with the ThermoSmart Elite. The remote control feature is exceptional. The efficient feature is exceptional. Highly recommended!
Nov 21, 2024 12:35:39 PM com.smarthomes.util.DatabaseConfig getConnection
INFO: Database connection obtained successfully
Nov 21, 2024 12:35:39 PM com.smarthomes.util.DatabaseConnection getConnection
INFO: Database connection obtained successfully
Nov 21, 2024 12:35:39 PM com.smarthomes.test.TestSemanticSearch testReviewSearch
INFO: Found review: I'm very impressed with the ThermoSmart Elite. The easy to use feature is exceptional. The remote control feature is exceptional. Highly recommended!
]]></system-err>
  </testcase>
  <testcase name="testProductRecommendation" classname="com.smarthomes.test.TestSemanticSearch" time="0.409">
    <system-err><![CDATA[Nov 21, 2024 12:35:39 PM com.smarthomes.util.DatabaseConfig getConnection
INFO: Database connection obtained successfully
Nov 21, 2024 12:35:39 PM com.smarthomes.util.DatabaseConnection getConnection
INFO: Database connection obtained successfully
Nov 21, 2024 12:35:39 PM com.smarthomes.test.TestSemanticSearch testProductRecommendation
INFO: Found product: Ring Video Doorbell 3
Nov 21, 2024 12:35:39 PM com.smarthomes.util.DatabaseConfig getConnection
INFO: Database connection obtained successfully
Nov 21, 2024 12:35:39 PM com.smarthomes.util.DatabaseConnection getConnection
INFO: Database connection obtained successfully
Nov 21, 2024 12:35:39 PM com.smarthomes.test.TestSemanticSearch testProductRecommendation
INFO: Found product: Smart Doorbell 
Nov 21, 2024 12:35:39 PM com.smarthomes.util.DatabaseConfig getConnection
INFO: Database connection obtained successfully
Nov 21, 2024 12:35:39 PM com.smarthomes.util.DatabaseConnection getConnection
INFO: Database connection obtained successfully
Nov 21, 2024 12:35:39 PM com.smarthomes.test.TestSemanticSearch testProductRecommendation
INFO: Found product: Smart Speaker Ultra
]]></system-err>
  </testcase>
</testsuite>